{"total": {"lines":{"total":50,"covered":25,"skipped":0,"pct":50},"statements":{"total":50,"covered":25,"skipped":0,"pct":50},"functions":{"total":4,"covered":1,"skipped":0,"pct":25},"branches":{"total":4,"covered":1,"skipped":0,"pct":25},"branchesTrue":{"total":0,"covered":0,"skipped":0,"pct":100}}
,"/home/ayushmanchhabra/Git/chat/web/src/App.tsx": {"lines":{"total":15,"covered":0,"skipped":0,"pct":0},"functions":{"total":1,"covered":0,"skipped":0,"pct":0},"statements":{"total":15,"covered":0,"skipped":0,"pct":0},"branches":{"total":1,"covered":0,"skipped":0,"pct":0}}
,"/home/ayushmanchhabra/Git/chat/web/src/main.tsx": {"lines":{"total":6,"covered":0,"skipped":0,"pct":0},"functions":{"total":1,"covered":0,"skipped":0,"pct":0},"statements":{"total":6,"covered":0,"skipped":0,"pct":0},"branches":{"total":1,"covered":0,"skipped":0,"pct":0}}
,"/home/ayushmanchhabra/Git/chat/web/src/screens/Landing.content.ts": {"lines":{"total":10,"covered":10,"skipped":0,"pct":100},"functions":{"total":0,"covered":0,"skipped":0,"pct":100},"statements":{"total":10,"covered":10,"skipped":0,"pct":100},"branches":{"total":0,"covered":0,"skipped":0,"pct":100}}
,"/home/ayushmanchhabra/Git/chat/web/src/screens/Landing.tsx": {"lines":{"total":15,"covered":15,"skipped":0,"pct":100},"functions":{"total":1,"covered":1,"skipped":0,"pct":100},"statements":{"total":15,"covered":15,"skipped":0,"pct":100},"branches":{"total":1,"covered":1,"skipped":0,"pct":100}}
,"/home/ayushmanchhabra/Git/chat/web/src/screens/index.ts": {"lines":{"total":4,"covered":0,"skipped":0,"pct":0},"functions":{"total":1,"covered":0,"skipped":0,"pct":0},"statements":{"total":4,"covered":0,"skipped":0,"pct":0},"branches":{"total":1,"covered":0,"skipped":0,"pct":0}}
}
